{"/Users/chartchaiboonwatcharee/Downloads/ticket-test/app/controllers/ticket.js": {"path":"/Users/chartchaiboonwatcharee/Downloads/ticket-test/app/controllers/ticket.js","statementMap":{"0":{"start":{"line":1,"column":15},"end":{"line":1,"column":42}},"1":{"start":{"line":2,"column":21},"end":{"line":2,"column":68}},"2":{"start":{"line":8,"column":0},"end":{"line":35,"column":2}},"3":{"start":{"line":9,"column":4},"end":{"line":9,"column":47}},"4":{"start":{"line":10,"column":4},"end":{"line":34,"column":5}},"5":{"start":{"line":11,"column":29},"end":{"line":22,"column":9}},"6":{"start":{"line":24,"column":8},"end":{"line":31,"column":9}},"7":{"start":{"line":25,"column":28},"end":{"line":25,"column":61}},"8":{"start":{"line":26,"column":12},"end":{"line":26,"column":58}},"9":{"start":{"line":27,"column":12},"end":{"line":27,"column":49}},"10":{"start":{"line":29,"column":12},"end":{"line":29,"column":66}},"11":{"start":{"line":30,"column":12},"end":{"line":30,"column":47}},"12":{"start":{"line":33,"column":8},"end":{"line":33,"column":51}},"13":{"start":{"line":38,"column":0},"end":{"line":51,"column":2}},"14":{"start":{"line":39,"column":4},"end":{"line":39,"column":42}},"15":{"start":{"line":40,"column":4},"end":{"line":50,"column":5}},"16":{"start":{"line":41,"column":29},"end":{"line":41,"column":51}},"17":{"start":{"line":42,"column":8},"end":{"line":45,"column":10}},"18":{"start":{"line":44,"column":37},"end":{"line":44,"column":50}},"19":{"start":{"line":46,"column":8},"end":{"line":46,"column":50}},"20":{"start":{"line":48,"column":8},"end":{"line":48,"column":59}},"21":{"start":{"line":49,"column":8},"end":{"line":49,"column":43}},"22":{"start":{"line":54,"column":0},"end":{"line":64,"column":2}},"23":{"start":{"line":55,"column":4},"end":{"line":55,"column":45}},"24":{"start":{"line":56,"column":4},"end":{"line":63,"column":5}},"25":{"start":{"line":57,"column":26},"end":{"line":57,"column":62}},"26":{"start":{"line":58,"column":8},"end":{"line":58,"column":64}},"27":{"start":{"line":59,"column":8},"end":{"line":59,"column":47}},"28":{"start":{"line":61,"column":8},"end":{"line":61,"column":59}},"29":{"start":{"line":62,"column":8},"end":{"line":62,"column":43}},"30":{"start":{"line":67,"column":0},"end":{"line":94,"column":2}},"31":{"start":{"line":68,"column":4},"end":{"line":68,"column":48}},"32":{"start":{"line":69,"column":4},"end":{"line":93,"column":5}},"33":{"start":{"line":70,"column":29},"end":{"line":79,"column":9}},"34":{"start":{"line":81,"column":8},"end":{"line":90,"column":9}},"35":{"start":{"line":82,"column":28},"end":{"line":84,"column":14}},"36":{"start":{"line":85,"column":12},"end":{"line":85,"column":58}},"37":{"start":{"line":86,"column":12},"end":{"line":86,"column":49}},"38":{"start":{"line":88,"column":12},"end":{"line":88,"column":66}},"39":{"start":{"line":89,"column":12},"end":{"line":89,"column":47}},"40":{"start":{"line":92,"column":8},"end":{"line":92,"column":51}},"41":{"start":{"line":97,"column":0},"end":{"line":107,"column":2}},"42":{"start":{"line":98,"column":4},"end":{"line":98,"column":40}},"43":{"start":{"line":99,"column":4},"end":{"line":106,"column":5}},"44":{"start":{"line":100,"column":24},"end":{"line":100,"column":78}},"45":{"start":{"line":101,"column":8},"end":{"line":101,"column":54}},"46":{"start":{"line":102,"column":8},"end":{"line":102,"column":45}},"47":{"start":{"line":104,"column":8},"end":{"line":104,"column":62}},"48":{"start":{"line":105,"column":8},"end":{"line":105,"column":43}}},"fnMap":{"0":{"name":"(anonymous_0)","decl":{"start":{"line":8,"column":20},"end":{"line":8,"column":21}},"loc":{"start":{"line":8,"column":46},"end":{"line":35,"column":1}},"line":8},"1":{"name":"(anonymous_1)","decl":{"start":{"line":38,"column":17},"end":{"line":38,"column":18}},"loc":{"start":{"line":38,"column":43},"end":{"line":51,"column":1}},"line":38},"2":{"name":"(anonymous_2)","decl":{"start":{"line":44,"column":29},"end":{"line":44,"column":30}},"loc":{"start":{"line":44,"column":37},"end":{"line":44,"column":50}},"line":44},"3":{"name":"(anonymous_3)","decl":{"start":{"line":54,"column":17},"end":{"line":54,"column":18}},"loc":{"start":{"line":54,"column":43},"end":{"line":64,"column":1}},"line":54},"4":{"name":"(anonymous_4)","decl":{"start":{"line":67,"column":20},"end":{"line":67,"column":21}},"loc":{"start":{"line":67,"column":46},"end":{"line":94,"column":1}},"line":67},"5":{"name":"(anonymous_5)","decl":{"start":{"line":97,"column":20},"end":{"line":97,"column":21}},"loc":{"start":{"line":97,"column":46},"end":{"line":107,"column":1}},"line":97}},"branchMap":{"0":{"loc":{"start":{"line":14,"column":20},"end":{"line":16,"column":27}},"type":"cond-expr","locations":[{"start":{"line":15,"column":18},"end":{"line":15,"column":33}},{"start":{"line":16,"column":18},"end":{"line":16,"column":27}}],"line":14},"1":{"loc":{"start":{"line":73,"column":20},"end":{"line":75,"column":28}},"type":"cond-expr","locations":[{"start":{"line":74,"column":18},"end":{"line":74,"column":33}},{"start":{"line":75,"column":18},"end":{"line":75,"column":28}}],"line":73}},"s":{"0":1,"1":1,"2":1,"3":0,"4":0,"5":0,"6":0,"7":0,"8":0,"9":0,"10":0,"11":0,"12":0,"13":1,"14":0,"15":0,"16":0,"17":0,"18":0,"19":0,"20":0,"21":0,"22":1,"23":0,"24":0,"25":0,"26":0,"27":0,"28":0,"29":0,"30":1,"31":0,"32":0,"33":0,"34":0,"35":0,"36":0,"37":0,"38":0,"39":0,"40":0,"41":1,"42":0,"43":0,"44":0,"45":0,"46":0,"47":0,"48":0},"f":{"0":0,"1":0,"2":0,"3":0,"4":0,"5":0},"b":{"0":[0,0],"1":[0,0]},"_coverageSchema":"1a1c01bbd47fc00a2c39e90264f33305004495a9","hash":"005d31e4a05d9efea52c5a48158a5ae93aeef125"}
,"/Users/chartchaiboonwatcharee/Downloads/ticket-test/app/models/ticket.js": {"path":"/Users/chartchaiboonwatcharee/Downloads/ticket-test/app/models/ticket.js","statementMap":{"0":{"start":{"line":1,"column":18},"end":{"line":1,"column":38}},"1":{"start":{"line":2,"column":11},"end":{"line":2,"column":38}},"2":{"start":{"line":4,"column":15},"end":{"line":27,"column":2}},"3":{"start":{"line":29,"column":0},"end":{"line":29,"column":24}}},"fnMap":{},"branchMap":{},"s":{"0":1,"1":1,"2":1,"3":1},"f":{},"b":{},"_coverageSchema":"1a1c01bbd47fc00a2c39e90264f33305004495a9","hash":"ecebceafa40d7740dcc5221a87e8af87c77a8c47"}
,"/Users/chartchaiboonwatcharee/Downloads/ticket-test/app/routes/ticket.js": {"path":"/Users/chartchaiboonwatcharee/Downloads/ticket-test/app/routes/ticket.js","statementMap":{"0":{"start":{"line":1,"column":19},"end":{"line":1,"column":56}},"1":{"start":{"line":2,"column":15},"end":{"line":2,"column":42}},"2":{"start":{"line":6,"column":0},"end":{"line":11,"column":42}},"3":{"start":{"line":13,"column":0},"end":{"line":13,"column":24}}},"fnMap":{},"branchMap":{},"s":{"0":1,"1":1,"2":1,"3":0},"f":{},"b":{},"_coverageSchema":"1a1c01bbd47fc00a2c39e90264f33305004495a9","hash":"f497bd03929b7bba499f2f80dcb6c4a58554c2d1"}
,"/Users/chartchaiboonwatcharee/Downloads/ticket-test/app/util/database.js": {"path":"/Users/chartchaiboonwatcharee/Downloads/ticket-test/app/util/database.js","statementMap":{"0":{"start":{"line":1,"column":18},"end":{"line":1,"column":38}},"1":{"start":{"line":3,"column":18},"end":{"line":11,"column":1}},"2":{"start":{"line":13,"column":0},"end":{"line":13,"column":27}}},"fnMap":{},"branchMap":{},"s":{"0":1,"1":1,"2":1},"f":{},"b":{},"_coverageSchema":"1a1c01bbd47fc00a2c39e90264f33305004495a9","hash":"8955b9aa17167757c87fce1539fed21dd4d39bb0"}
}
