{"/Users/chartchaiboonwatcharee/Downloads/ticket-test/app/controllers/ticket.js": {"path":"/Users/chartchaiboonwatcharee/Downloads/ticket-test/app/controllers/ticket.js","statementMap":{"0":{"start":{"line":1,"column":15},"end":{"line":1,"column":42}},"1":{"start":{"line":2,"column":16},"end":{"line":2,"column":26}},"2":{"start":{"line":9,"column":0},"end":{"line":34,"column":2}},"3":{"start":{"line":10,"column":4},"end":{"line":10,"column":47}},"4":{"start":{"line":11,"column":4},"end":{"line":33,"column":5}},"5":{"start":{"line":12,"column":29},"end":{"line":21,"column":9}},"6":{"start":{"line":23,"column":8},"end":{"line":30,"column":9}},"7":{"start":{"line":24,"column":28},"end":{"line":24,"column":61}},"8":{"start":{"line":25,"column":12},"end":{"line":25,"column":58}},"9":{"start":{"line":26,"column":12},"end":{"line":26,"column":49}},"10":{"start":{"line":28,"column":12},"end":{"line":28,"column":66}},"11":{"start":{"line":29,"column":12},"end":{"line":29,"column":47}},"12":{"start":{"line":32,"column":8},"end":{"line":32,"column":51}},"13":{"start":{"line":37,"column":0},"end":{"line":50,"column":2}},"14":{"start":{"line":38,"column":4},"end":{"line":38,"column":42}},"15":{"start":{"line":39,"column":4},"end":{"line":49,"column":5}},"16":{"start":{"line":40,"column":29},"end":{"line":40,"column":51}},"17":{"start":{"line":41,"column":8},"end":{"line":44,"column":10}},"18":{"start":{"line":43,"column":37},"end":{"line":43,"column":50}},"19":{"start":{"line":45,"column":8},"end":{"line":45,"column":50}},"20":{"start":{"line":47,"column":8},"end":{"line":47,"column":59}},"21":{"start":{"line":48,"column":8},"end":{"line":48,"column":43}},"22":{"start":{"line":53,"column":0},"end":{"line":63,"column":2}},"23":{"start":{"line":54,"column":4},"end":{"line":54,"column":45}},"24":{"start":{"line":55,"column":4},"end":{"line":62,"column":5}},"25":{"start":{"line":56,"column":26},"end":{"line":56,"column":62}},"26":{"start":{"line":57,"column":8},"end":{"line":57,"column":64}},"27":{"start":{"line":58,"column":8},"end":{"line":58,"column":47}},"28":{"start":{"line":60,"column":8},"end":{"line":60,"column":59}},"29":{"start":{"line":61,"column":8},"end":{"line":61,"column":43}},"30":{"start":{"line":66,"column":0},"end":{"line":91,"column":2}},"31":{"start":{"line":67,"column":4},"end":{"line":67,"column":48}},"32":{"start":{"line":68,"column":4},"end":{"line":90,"column":5}},"33":{"start":{"line":69,"column":29},"end":{"line":76,"column":9}},"34":{"start":{"line":78,"column":8},"end":{"line":87,"column":9}},"35":{"start":{"line":79,"column":28},"end":{"line":81,"column":14}},"36":{"start":{"line":82,"column":12},"end":{"line":82,"column":58}},"37":{"start":{"line":83,"column":12},"end":{"line":83,"column":49}},"38":{"start":{"line":85,"column":12},"end":{"line":85,"column":66}},"39":{"start":{"line":86,"column":12},"end":{"line":86,"column":47}},"40":{"start":{"line":89,"column":8},"end":{"line":89,"column":51}},"41":{"start":{"line":94,"column":0},"end":{"line":104,"column":2}},"42":{"start":{"line":95,"column":4},"end":{"line":95,"column":40}},"43":{"start":{"line":96,"column":4},"end":{"line":103,"column":5}},"44":{"start":{"line":97,"column":24},"end":{"line":97,"column":78}},"45":{"start":{"line":98,"column":8},"end":{"line":98,"column":54}},"46":{"start":{"line":99,"column":8},"end":{"line":99,"column":45}},"47":{"start":{"line":101,"column":8},"end":{"line":101,"column":62}},"48":{"start":{"line":102,"column":8},"end":{"line":102,"column":43}}},"fnMap":{"0":{"name":"(anonymous_0)","decl":{"start":{"line":9,"column":20},"end":{"line":9,"column":21}},"loc":{"start":{"line":9,"column":46},"end":{"line":34,"column":1}},"line":9},"1":{"name":"(anonymous_1)","decl":{"start":{"line":37,"column":17},"end":{"line":37,"column":18}},"loc":{"start":{"line":37,"column":43},"end":{"line":50,"column":1}},"line":37},"2":{"name":"(anonymous_2)","decl":{"start":{"line":43,"column":29},"end":{"line":43,"column":30}},"loc":{"start":{"line":43,"column":37},"end":{"line":43,"column":50}},"line":43},"3":{"name":"(anonymous_3)","decl":{"start":{"line":53,"column":17},"end":{"line":53,"column":18}},"loc":{"start":{"line":53,"column":43},"end":{"line":63,"column":1}},"line":53},"4":{"name":"(anonymous_4)","decl":{"start":{"line":66,"column":20},"end":{"line":66,"column":21}},"loc":{"start":{"line":66,"column":46},"end":{"line":91,"column":1}},"line":66},"5":{"name":"(anonymous_5)","decl":{"start":{"line":94,"column":20},"end":{"line":94,"column":21}},"loc":{"start":{"line":94,"column":46},"end":{"line":104,"column":1}},"line":94}},"branchMap":{},"s":{"0":1,"1":1,"2":1,"3":0,"4":0,"5":0,"6":0,"7":0,"8":0,"9":0,"10":0,"11":0,"12":0,"13":1,"14":0,"15":0,"16":0,"17":0,"18":0,"19":0,"20":0,"21":0,"22":1,"23":0,"24":0,"25":0,"26":0,"27":0,"28":0,"29":0,"30":1,"31":0,"32":0,"33":0,"34":0,"35":0,"36":0,"37":0,"38":0,"39":0,"40":0,"41":1,"42":0,"43":0,"44":0,"45":0,"46":0,"47":0,"48":0},"f":{"0":0,"1":0,"2":0,"3":0,"4":0,"5":0},"b":{},"_coverageSchema":"1a1c01bbd47fc00a2c39e90264f33305004495a9","hash":"dc11522501d3eae52a63e71af8c988642fbddb93"}
,"/Users/chartchaiboonwatcharee/Downloads/ticket-test/app/models/ticket.js": {"path":"/Users/chartchaiboonwatcharee/Downloads/ticket-test/app/models/ticket.js","statementMap":{"0":{"start":{"line":1,"column":18},"end":{"line":1,"column":38}},"1":{"start":{"line":2,"column":11},"end":{"line":2,"column":38}},"2":{"start":{"line":4,"column":15},"end":{"line":27,"column":2}},"3":{"start":{"line":29,"column":0},"end":{"line":29,"column":24}}},"fnMap":{},"branchMap":{},"s":{"0":1,"1":1,"2":1,"3":1},"f":{},"b":{},"_coverageSchema":"1a1c01bbd47fc00a2c39e90264f33305004495a9","hash":"ecebceafa40d7740dcc5221a87e8af87c77a8c47"}
,"/Users/chartchaiboonwatcharee/Downloads/ticket-test/app/routes/ticket.js": {"path":"/Users/chartchaiboonwatcharee/Downloads/ticket-test/app/routes/ticket.js","statementMap":{"0":{"start":{"line":1,"column":19},"end":{"line":1,"column":56}},"1":{"start":{"line":2,"column":15},"end":{"line":2,"column":42}},"2":{"start":{"line":6,"column":0},"end":{"line":11,"column":42}},"3":{"start":{"line":13,"column":0},"end":{"line":13,"column":24}}},"fnMap":{},"branchMap":{},"s":{"0":1,"1":1,"2":1,"3":0},"f":{},"b":{},"_coverageSchema":"1a1c01bbd47fc00a2c39e90264f33305004495a9","hash":"f497bd03929b7bba499f2f80dcb6c4a58554c2d1"}
,"/Users/chartchaiboonwatcharee/Downloads/ticket-test/app/util/database.js": {"path":"/Users/chartchaiboonwatcharee/Downloads/ticket-test/app/util/database.js","statementMap":{"0":{"start":{"line":1,"column":18},"end":{"line":1,"column":38}},"1":{"start":{"line":3,"column":18},"end":{"line":11,"column":1}},"2":{"start":{"line":13,"column":0},"end":{"line":13,"column":27}}},"fnMap":{},"branchMap":{},"s":{"0":1,"1":1,"2":1},"f":{},"b":{},"_coverageSchema":"1a1c01bbd47fc00a2c39e90264f33305004495a9","hash":"8955b9aa17167757c87fce1539fed21dd4d39bb0"}
}
